[debug] [2023-10-18T03:36:07.215Z] ----------------------------------------------------------------------
[debug] [2023-10-18T03:36:07.216Z] Command:       /Users/jisungkang/.nvm/versions/node/v20.5.0/bin/node /Users/jisungkang/.nvm/versions/node/v20.5.0/bin/firebase deploy
[debug] [2023-10-18T03:36:07.216Z] CLI Version:   12.7.0
[debug] [2023-10-18T03:36:07.217Z] Platform:      darwin
[debug] [2023-10-18T03:36:07.217Z] Node Version:  v20.5.0
[debug] [2023-10-18T03:36:07.217Z] Time:          Tue Oct 17 2023 20:36:07 GMT-0700 (Pacific Daylight Time)
[debug] [2023-10-18T03:36:07.217Z] ----------------------------------------------------------------------
[debug] 
[debug] [2023-10-18T03:36:07.246Z] > command requires scopes: ["email","openid","https://www.googleapis.com/auth/cloudplatformprojects.readonly","https://www.googleapis.com/auth/firebase","https://www.googleapis.com/auth/cloud-platform"]
[debug] [2023-10-18T03:36:07.247Z] > authorizing via signed-in user (jisungk@berkeley.edu)
[debug] [2023-10-18T03:36:07.247Z] [iam] checking project course-catalog-3c19a for permissions ["cloudfunctions.functions.create","cloudfunctions.functions.delete","cloudfunctions.functions.get","cloudfunctions.functions.list","cloudfunctions.functions.update","cloudfunctions.operations.get","firebase.projects.get"]
[debug] [2023-10-18T03:36:07.247Z] >>> [apiv2][query] POST https://cloudresourcemanager.googleapis.com/v1/projects/course-catalog-3c19a:testIamPermissions [none]
[debug] [2023-10-18T03:36:07.247Z] >>> [apiv2][(partial)header] POST https://cloudresourcemanager.googleapis.com/v1/projects/course-catalog-3c19a:testIamPermissions x-goog-quota-user=projects/course-catalog-3c19a
[debug] [2023-10-18T03:36:07.248Z] >>> [apiv2][body] POST https://cloudresourcemanager.googleapis.com/v1/projects/course-catalog-3c19a:testIamPermissions {"permissions":["cloudfunctions.functions.create","cloudfunctions.functions.delete","cloudfunctions.functions.get","cloudfunctions.functions.list","cloudfunctions.functions.update","cloudfunctions.operations.get","firebase.projects.get"]}
[debug] [2023-10-18T03:36:07.669Z] <<< [apiv2][status] POST https://cloudresourcemanager.googleapis.com/v1/projects/course-catalog-3c19a:testIamPermissions 200
[debug] [2023-10-18T03:36:07.670Z] <<< [apiv2][body] POST https://cloudresourcemanager.googleapis.com/v1/projects/course-catalog-3c19a:testIamPermissions {"permissions":["cloudfunctions.functions.create","cloudfunctions.functions.delete","cloudfunctions.functions.get","cloudfunctions.functions.list","cloudfunctions.functions.update","cloudfunctions.operations.get","firebase.projects.get"]}
[debug] [2023-10-18T03:36:07.670Z] >>> [apiv2][query] POST https://iam.googleapis.com/v1/projects/course-catalog-3c19a/serviceAccounts/course-catalog-3c19a@appspot.gserviceaccount.com:testIamPermissions [none]
[debug] [2023-10-18T03:36:07.671Z] >>> [apiv2][body] POST https://iam.googleapis.com/v1/projects/course-catalog-3c19a/serviceAccounts/course-catalog-3c19a@appspot.gserviceaccount.com:testIamPermissions {"permissions":["iam.serviceAccounts.actAs"]}
[debug] [2023-10-18T03:36:09.077Z] <<< [apiv2][status] POST https://iam.googleapis.com/v1/projects/course-catalog-3c19a/serviceAccounts/course-catalog-3c19a@appspot.gserviceaccount.com:testIamPermissions 200
[debug] [2023-10-18T03:36:09.078Z] <<< [apiv2][body] POST https://iam.googleapis.com/v1/projects/course-catalog-3c19a/serviceAccounts/course-catalog-3c19a@appspot.gserviceaccount.com:testIamPermissions {"permissions":["iam.serviceAccounts.actAs"]}
[info] 
[info] === Deploying to 'course-catalog-3c19a'...
[info] 
[info] i  deploying functions 
[debug] [2023-10-18T03:36:09.081Z] >>> [apiv2][query] GET https://firebase.googleapis.com/v1beta1/projects/course-catalog-3c19a [none]
[debug] [2023-10-18T03:36:09.418Z] <<< [apiv2][status] GET https://firebase.googleapis.com/v1beta1/projects/course-catalog-3c19a 200
[debug] [2023-10-18T03:36:09.419Z] <<< [apiv2][body] GET https://firebase.googleapis.com/v1beta1/projects/course-catalog-3c19a {"projectId":"course-catalog-3c19a","projectNumber":"612761637383","displayName":"course-catalog","name":"projects/course-catalog-3c19a","resources":{"hostingSite":"course-catalog-3c19a"},"state":"ACTIVE","etag":"1_dacfe4db-cf7b-49f3-b777-e6fefbab392c"}
[info] i  functions: preparing codebase default for deployment 
[info] i  functions: ensuring required API cloudfunctions.googleapis.com is enabled... 
[info] i  functions: ensuring required API cloudbuild.googleapis.com is enabled... 
[info] i  artifactregistry: ensuring required API artifactregistry.googleapis.com is enabled... 
[debug] [2023-10-18T03:36:09.421Z] >>> [apiv2][query] GET https://serviceusage.googleapis.com/v1/projects/course-catalog-3c19a/services/cloudfunctions.googleapis.com [none]
[debug] [2023-10-18T03:36:09.421Z] >>> [apiv2][(partial)header] GET https://serviceusage.googleapis.com/v1/projects/course-catalog-3c19a/services/cloudfunctions.googleapis.com x-goog-quota-user=projects/course-catalog-3c19a
[debug] [2023-10-18T03:36:09.422Z] >>> [apiv2][query] GET https://serviceusage.googleapis.com/v1/projects/course-catalog-3c19a/services/runtimeconfig.googleapis.com [none]
[debug] [2023-10-18T03:36:09.423Z] >>> [apiv2][(partial)header] GET https://serviceusage.googleapis.com/v1/projects/course-catalog-3c19a/services/runtimeconfig.googleapis.com x-goog-quota-user=projects/course-catalog-3c19a
[debug] [2023-10-18T03:36:09.424Z] >>> [apiv2][query] GET https://serviceusage.googleapis.com/v1/projects/course-catalog-3c19a/services/cloudbuild.googleapis.com [none]
[debug] [2023-10-18T03:36:09.424Z] >>> [apiv2][(partial)header] GET https://serviceusage.googleapis.com/v1/projects/course-catalog-3c19a/services/cloudbuild.googleapis.com x-goog-quota-user=projects/course-catalog-3c19a
[debug] [2023-10-18T03:36:09.425Z] >>> [apiv2][query] GET https://serviceusage.googleapis.com/v1/projects/course-catalog-3c19a/services/artifactregistry.googleapis.com [none]
[debug] [2023-10-18T03:36:09.425Z] >>> [apiv2][(partial)header] GET https://serviceusage.googleapis.com/v1/projects/course-catalog-3c19a/services/artifactregistry.googleapis.com x-goog-quota-user=projects/course-catalog-3c19a
[debug] [2023-10-18T03:36:09.889Z] <<< [apiv2][status] GET https://serviceusage.googleapis.com/v1/projects/course-catalog-3c19a/services/cloudbuild.googleapis.com 200
[debug] [2023-10-18T03:36:09.889Z] <<< [apiv2][body] GET https://serviceusage.googleapis.com/v1/projects/course-catalog-3c19a/services/cloudbuild.googleapis.com [omitted]
[info] ✔  functions: required API cloudbuild.googleapis.com is enabled 
[debug] [2023-10-18T03:36:09.892Z] <<< [apiv2][status] GET https://serviceusage.googleapis.com/v1/projects/course-catalog-3c19a/services/cloudfunctions.googleapis.com 200
[debug] [2023-10-18T03:36:09.893Z] <<< [apiv2][body] GET https://serviceusage.googleapis.com/v1/projects/course-catalog-3c19a/services/cloudfunctions.googleapis.com [omitted]
[info] ✔  functions: required API cloudfunctions.googleapis.com is enabled 
[debug] [2023-10-18T03:36:09.894Z] <<< [apiv2][status] GET https://serviceusage.googleapis.com/v1/projects/course-catalog-3c19a/services/artifactregistry.googleapis.com 200
[debug] [2023-10-18T03:36:09.894Z] <<< [apiv2][body] GET https://serviceusage.googleapis.com/v1/projects/course-catalog-3c19a/services/artifactregistry.googleapis.com [omitted]
[info] ✔  artifactregistry: required API artifactregistry.googleapis.com is enabled 
[debug] [2023-10-18T03:36:09.898Z] <<< [apiv2][status] GET https://serviceusage.googleapis.com/v1/projects/course-catalog-3c19a/services/runtimeconfig.googleapis.com 200
[debug] [2023-10-18T03:36:09.898Z] <<< [apiv2][body] GET https://serviceusage.googleapis.com/v1/projects/course-catalog-3c19a/services/runtimeconfig.googleapis.com [omitted]
[debug] [2023-10-18T03:36:09.899Z] >>> [apiv2][query] GET https://firebase.googleapis.com/v1beta1/projects/course-catalog-3c19a/adminSdkConfig [none]
[debug] [2023-10-18T03:36:10.124Z] <<< [apiv2][status] GET https://firebase.googleapis.com/v1beta1/projects/course-catalog-3c19a/adminSdkConfig 200
[debug] [2023-10-18T03:36:10.124Z] <<< [apiv2][body] GET https://firebase.googleapis.com/v1beta1/projects/course-catalog-3c19a/adminSdkConfig {"projectId":"course-catalog-3c19a","storageBucket":"course-catalog-3c19a.appspot.com"}
[debug] [2023-10-18T03:36:10.125Z] >>> [apiv2][query] GET https://runtimeconfig.googleapis.com/v1beta1/projects/course-catalog-3c19a/configs [none]
[debug] [2023-10-18T03:36:10.362Z] <<< [apiv2][status] GET https://runtimeconfig.googleapis.com/v1beta1/projects/course-catalog-3c19a/configs 200
[debug] [2023-10-18T03:36:10.362Z] <<< [apiv2][body] GET https://runtimeconfig.googleapis.com/v1beta1/projects/course-catalog-3c19a/configs {}
[debug] [2023-10-18T03:36:10.364Z] Validating nodejs source
[debug] [2023-10-18T03:36:10.703Z] > [functions] package.json contents: {
  "name": "functions",
  "description": "Cloud Functions for Firebase",
  "scripts": {
    "serve": "firebase emulators:start --only functions",
    "shell": "firebase functions:shell",
    "start": "npm run shell",
    "deploy": "firebase deploy --only functions",
    "logs": "firebase functions:log"
  },
  "engines": {
    "node": "18"
  },
  "main": "index.js",
  "dependencies": {
    "firebase-admin": "^11.8.0",
    "firebase-functions": "^4.3.1",
    "puppeteer": "^21.3.8"
  },
  "devDependencies": {
    "firebase-functions-test": "^3.1.0"
  },
  "private": true
}
[debug] [2023-10-18T03:36:10.703Z] Building nodejs source
[info] i  functions: Loading and analyzing source code for codebase default to determine what to deploy 
[debug] [2023-10-18T03:36:10.704Z] Could not find functions.yaml. Must use http discovery
[debug] [2023-10-18T03:36:10.708Z] Found firebase-functions binary at '/Users/jisungkang/Workspace/projects/course-catalog/functions/node_modules/.bin/firebase-functions'
[info] Serving at port 8296

[error] 
  Puppeteer old Headless deprecation warning:
    In the near future `headless: true` will default to the new Headless mode
    for Chrome instead of the old Headless implementation. For more
    information, please see https://developer.chrome.com/articles/new-headless/.
    Consider opting in early by passing `headless: "new"` to `puppeteer.launch()`
    If you encounter any bugs, please report them to https://github.com/puppeteer/puppeteer/issues/new/choose.


[debug] [2023-10-18T03:36:10.910Z] Got response from /__/functions.yaml {"endpoints":{"pubsub":{"platform":"gcfv1","availableMemoryMb":2048,"timeoutSeconds":null,"minInstances":null,"maxInstances":null,"ingressSettings":null,"serviceAccountEmail":null,"vpc":null,"region":["us-central1"],"scheduleTrigger":{"schedule":"0 0 * * *","retryConfig":{"retryCount":null,"maxDoublings":null,"maxRetryDuration":null,"maxBackoffDuration":null,"minBackoffDuration":null},"timeZone":"USA/San Francisco"},"labels":{},"entryPoint":"pubsub"}},"specVersion":"v1alpha1","requiredAPIs":[{"api":"cloudscheduler.googleapis.com","reason":"Needed for scheduled functions."}]}
[info] {
  imgSource: '//upload.wikimedia.org/wikipedia/commons/f/ff/Bob_Beamon_1968.jpg',
  list: [
    {
      link: 'https://en.wikipedia.org//wiki/Battle_of_Fukuda_Bay',
      text: '1565 – The first recorded naval battle between Europeans and the Japanese occurred when a flotilla of samurai attacked two Portuguese trade vessels at the Battle of Fukuda Bay in Nagasaki.'
    },
    {
      link: 'https://en.wikipedia.org//wiki/Treaty_of_Aix-la-Chapelle_(1748)',
      text: '1748 – The War of the Austrian Succession ended with the signing of the Treaty of Aix-la-Chapelle.'
    },
    {
      link: 'https://en.wikipedia.org//wiki/1873%E2%80%9374_Scottish_Cup',
      text: '1873 – Renton defeated Kilmarnock 2–0 in the opening match of the inaugural Scottish Cup.'
    },
    {
      link: 'https://en.wikipedia.org//wiki/Bob_Beamon',
      text: '1968 – At the Summer Olympics in Mexico City, American athlete Bob Beamon (pictured) achieved a distance of 8.90 m (29.2 ft) in the long jump event, setting a world record that stood for 23 years.'
    },
    {
      link: 'https://en.wikipedia.org//wiki/2019%E2%80%932022_Chilean_protests',
      text: '2019 – Protests in Santiago that started 11 days prior escalated into open battle against the Chilean national police, forcing President Sebastián Piñera to declare a state of emergency.'
    }
  ]
}

[info] shutdown requested via /__/quitquitquit

[info] i  functions: preparing functions directory for uploading... 
[info] i  functions: packaged /Users/jisungkang/Workspace/projects/course-catalog/functions (74.72 KB) for uploading 
[debug] [2023-10-18T03:36:15.961Z] >>> [apiv2][query] GET https://cloudfunctions.googleapis.com/v1/projects/course-catalog-3c19a/locations/-/functions [none]
[debug] [2023-10-18T03:36:17.509Z] <<< [apiv2][status] GET https://cloudfunctions.googleapis.com/v1/projects/course-catalog-3c19a/locations/-/functions 200
[debug] [2023-10-18T03:36:17.510Z] <<< [apiv2][body] GET https://cloudfunctions.googleapis.com/v1/projects/course-catalog-3c19a/locations/-/functions {}
[debug] [2023-10-18T03:36:17.512Z] >>> [apiv2][query] GET https://cloudfunctions.googleapis.com/v2/projects/course-catalog-3c19a/locations/-/functions filter=environment%3D%22GEN_2%22
[debug] [2023-10-18T03:36:18.251Z] <<< [apiv2][status] GET https://cloudfunctions.googleapis.com/v2/projects/course-catalog-3c19a/locations/-/functions 200
[debug] [2023-10-18T03:36:18.252Z] <<< [apiv2][body] GET https://cloudfunctions.googleapis.com/v2/projects/course-catalog-3c19a/locations/-/functions {}
[info] i  functions: ensuring required API cloudscheduler.googleapis.com is enabled... 
[debug] [2023-10-18T03:36:18.255Z] >>> [apiv2][query] GET https://serviceusage.googleapis.com/v1/projects/course-catalog-3c19a/services/cloudscheduler.googleapis.com [none]
[debug] [2023-10-18T03:36:18.255Z] >>> [apiv2][(partial)header] GET https://serviceusage.googleapis.com/v1/projects/course-catalog-3c19a/services/cloudscheduler.googleapis.com x-goog-quota-user=projects/course-catalog-3c19a
[debug] [2023-10-18T03:36:18.681Z] <<< [apiv2][status] GET https://serviceusage.googleapis.com/v1/projects/course-catalog-3c19a/services/cloudscheduler.googleapis.com 200
[debug] [2023-10-18T03:36:18.681Z] <<< [apiv2][body] GET https://serviceusage.googleapis.com/v1/projects/course-catalog-3c19a/services/cloudscheduler.googleapis.com [omitted]
[warn] ⚠  functions: missing required API cloudscheduler.googleapis.com. Enabling now... 
[debug] [2023-10-18T03:36:18.683Z] >>> [apiv2][query] POST https://serviceusage.googleapis.com/v1/projects/course-catalog-3c19a/services/cloudscheduler.googleapis.com:enable [none]
[debug] [2023-10-18T03:36:18.683Z] >>> [apiv2][(partial)header] POST https://serviceusage.googleapis.com/v1/projects/course-catalog-3c19a/services/cloudscheduler.googleapis.com:enable x-goog-quota-user=projects/course-catalog-3c19a
[debug] [2023-10-18T03:36:19.561Z] <<< [apiv2][status] POST https://serviceusage.googleapis.com/v1/projects/course-catalog-3c19a/services/cloudscheduler.googleapis.com:enable 200
[debug] [2023-10-18T03:36:19.562Z] <<< [apiv2][body] POST https://serviceusage.googleapis.com/v1/projects/course-catalog-3c19a/services/cloudscheduler.googleapis.com:enable [omitted]
[debug] [2023-10-18T03:36:29.564Z] >>> [apiv2][query] GET https://serviceusage.googleapis.com/v1/projects/course-catalog-3c19a/services/cloudscheduler.googleapis.com [none]
[debug] [2023-10-18T03:36:29.565Z] >>> [apiv2][(partial)header] GET https://serviceusage.googleapis.com/v1/projects/course-catalog-3c19a/services/cloudscheduler.googleapis.com x-goog-quota-user=projects/course-catalog-3c19a
[debug] [2023-10-18T03:36:30.247Z] <<< [apiv2][status] GET https://serviceusage.googleapis.com/v1/projects/course-catalog-3c19a/services/cloudscheduler.googleapis.com 200
[debug] [2023-10-18T03:36:30.247Z] <<< [apiv2][body] GET https://serviceusage.googleapis.com/v1/projects/course-catalog-3c19a/services/cloudscheduler.googleapis.com [omitted]
[info] ✔  functions: required API cloudscheduler.googleapis.com is enabled 
[debug] [2023-10-18T03:36:30.255Z] >>> [apiv2][query] GET https://firebase.googleapis.com/v1beta1/projects/course-catalog-3c19a [none]
[debug] [2023-10-18T03:36:30.570Z] <<< [apiv2][status] GET https://firebase.googleapis.com/v1beta1/projects/course-catalog-3c19a 200
[debug] [2023-10-18T03:36:30.570Z] <<< [apiv2][body] GET https://firebase.googleapis.com/v1beta1/projects/course-catalog-3c19a {"projectId":"course-catalog-3c19a","projectNumber":"612761637383","displayName":"course-catalog","name":"projects/course-catalog-3c19a","resources":{"hostingSite":"course-catalog-3c19a"},"state":"ACTIVE","etag":"1_dacfe4db-cf7b-49f3-b777-e6fefbab392c"}
[debug] [2023-10-18T03:36:30.572Z] >>> [apiv2][query] POST https://cloudfunctions.googleapis.com/v1/projects/course-catalog-3c19a/locations/us-central1/functions:generateUploadUrl [none]
[debug] [2023-10-18T03:36:30.572Z] >>> [apiv2][body] POST https://cloudfunctions.googleapis.com/v1/projects/course-catalog-3c19a/locations/us-central1/functions:generateUploadUrl {}
[debug] [2023-10-18T03:36:39.267Z] <<< [apiv2][status] POST https://cloudfunctions.googleapis.com/v1/projects/course-catalog-3c19a/locations/us-central1/functions:generateUploadUrl 200
[debug] [2023-10-18T03:36:39.268Z] <<< [apiv2][body] POST https://cloudfunctions.googleapis.com/v1/projects/course-catalog-3c19a/locations/us-central1/functions:generateUploadUrl {"uploadUrl":"https://storage.googleapis.com/uploads-208400062652.us-central1.cloudfunctions.appspot.com/52893ee3-530f-43e1-b086-ce477f0ee441.zip?GoogleAccessId=service-612761637383@gcf-admin-robot.iam.gserviceaccount.com&Expires=1697601999&Signature=APY07V7rlb734EbEfsH9LbXcAZSzbr6MGpTiUrdo0AOiHtkIG0hRLGzaqfVqiXjLndcHkgbCf%2BabfjDxWnbnze5bBU869solfo0DrAYQMj6oJOcu64nSnpqb%2BilIgQT6IBd1ngNgqGZgDbQI0Kg%2FjD%2BZS%2BmAN%2Fxw4OpOuTpOXtrzpqYEdMhwdr5NwPAzo87MkKun5RH91J4B6BFl1VCM3rHZTbkx3op2xylfp0ZyN3N34xbNG%2BVidjUYp%2FF%2BwVoJ0n6%2FuNQhuADW2tIyyxsYoebxPkikw95bOPgnpgtY%2BKFVLXIMlKxqZX%2B4mDEEACVBJ8Y9ZD2Fg5b0jbVFqJdzpg%3D%3D"}
[debug] [2023-10-18T03:36:39.270Z] >>> [apiv2][query] PUT https://storage.googleapis.com/uploads-208400062652.us-central1.cloudfunctions.appspot.com/52893ee3-530f-43e1-b086-ce477f0ee441.zip GoogleAccessId=service-612761637383%40gcf-admin-robot.iam.gserviceaccount.com&Expires=1697601999&Signature=APY07V7rlb734EbEfsH9LbXcAZSzbr6MGpTiUrdo0AOiHtkIG0hRLGzaqfVqiXjLndcHkgbCf%2BabfjDxWnbnze5bBU869solfo0DrAYQMj6oJOcu64nSnpqb%2BilIgQT6IBd1ngNgqGZgDbQI0Kg%2FjD%2BZS%2BmAN%2Fxw4OpOuTpOXtrzpqYEdMhwdr5NwPAzo87MkKun5RH91J4B6BFl1VCM3rHZTbkx3op2xylfp0ZyN3N34xbNG%2BVidjUYp%2FF%2BwVoJ0n6%2FuNQhuADW2tIyyxsYoebxPkikw95bOPgnpgtY%2BKFVLXIMlKxqZX%2B4mDEEACVBJ8Y9ZD2Fg5b0jbVFqJdzpg%3D%3D
[debug] [2023-10-18T03:36:39.270Z] >>> [apiv2][body] PUT https://storage.googleapis.com/uploads-208400062652.us-central1.cloudfunctions.appspot.com/52893ee3-530f-43e1-b086-ce477f0ee441.zip [stream]
[debug] [2023-10-18T03:36:40.018Z] <<< [apiv2][status] PUT https://storage.googleapis.com/uploads-208400062652.us-central1.cloudfunctions.appspot.com/52893ee3-530f-43e1-b086-ce477f0ee441.zip 200
[debug] [2023-10-18T03:36:40.019Z] <<< [apiv2][body] PUT https://storage.googleapis.com/uploads-208400062652.us-central1.cloudfunctions.appspot.com/52893ee3-530f-43e1-b086-ce477f0ee441.zip [omitted]
[info] ✔  functions: functions folder uploaded successfully 
[info] i  functions: creating Node.js 18 (1st Gen) function pubsub(us-central1)... 
[debug] [2023-10-18T03:36:40.024Z] >>> [apiv2][query] POST https://cloudfunctions.googleapis.com/v1/projects/course-catalog-3c19a/locations/us-central1/functions [none]
[debug] [2023-10-18T03:36:40.024Z] >>> [apiv2][body] POST https://cloudfunctions.googleapis.com/v1/projects/course-catalog-3c19a/locations/us-central1/functions {"name":"projects/course-catalog-3c19a/locations/us-central1/functions/pubsub","sourceUploadUrl":"https://storage.googleapis.com/uploads-208400062652.us-central1.cloudfunctions.appspot.com/52893ee3-530f-43e1-b086-ce477f0ee441.zip?GoogleAccessId=service-612761637383@gcf-admin-robot.iam.gserviceaccount.com&Expires=1697601999&Signature=APY07V7rlb734EbEfsH9LbXcAZSzbr6MGpTiUrdo0AOiHtkIG0hRLGzaqfVqiXjLndcHkgbCf%2BabfjDxWnbnze5bBU869solfo0DrAYQMj6oJOcu64nSnpqb%2BilIgQT6IBd1ngNgqGZgDbQI0Kg%2FjD%2BZS%2BmAN%2Fxw4OpOuTpOXtrzpqYEdMhwdr5NwPAzo87MkKun5RH91J4B6BFl1VCM3rHZTbkx3op2xylfp0ZyN3N34xbNG%2BVidjUYp%2FF%2BwVoJ0n6%2FuNQhuADW2tIyyxsYoebxPkikw95bOPgnpgtY%2BKFVLXIMlKxqZX%2B4mDEEACVBJ8Y9ZD2Fg5b0jbVFqJdzpg%3D%3D","entryPoint":"pubsub","runtime":"nodejs18","dockerRegistry":"ARTIFACT_REGISTRY","labels":{"deployment-tool":"cli-firebase","deployment-scheduled":"true","firebase-functions-hash":"82bf263d9207864e27f7bc779813deb22d46e81a"},"eventTrigger":{"eventType":"google.pubsub.topic.publish","resource":"projects/course-catalog-3c19a/topics/firebase-schedule-pubsub-us-central1"},"minInstances":null,"maxInstances":null,"ingressSettings":null,"environmentVariables":{"FIREBASE_CONFIG":"{\"projectId\":\"course-catalog-3c19a\",\"storageBucket\":\"course-catalog-3c19a.appspot.com\"}","GCLOUD_PROJECT":"course-catalog-3c19a","EVENTARC_CLOUD_EVENT_SOURCE":"projects/course-catalog-3c19a/locations/us-central1/functions/pubsub"},"serviceAccountEmail":null,"availableMemoryMb":2048,"timeout":null,"vpcConnector":null,"vpcConnectorEgressSettings":null,"buildEnvironmentVariables":{"GOOGLE_NODE_RUN_SCRIPTS":""}}
[debug] [2023-10-18T03:36:40.677Z] <<< [apiv2][status] POST https://cloudfunctions.googleapis.com/v1/projects/course-catalog-3c19a/locations/us-central1/functions 200
[debug] [2023-10-18T03:36:40.678Z] <<< [apiv2][body] POST https://cloudfunctions.googleapis.com/v1/projects/course-catalog-3c19a/locations/us-central1/functions {"name":"operations/Y291cnNlLWNhdGFsb2ctM2MxOWEvdXMtY2VudHJhbDEvcHVic3ViL1UyV3FzdkhVZ2kw","metadata":{"@type":"type.googleapis.com/google.cloud.functions.v1.OperationMetadataV1","target":"projects/course-catalog-3c19a/locations/us-central1/functions/pubsub","type":"CREATE_FUNCTION","request":{"@type":"type.googleapis.com/google.cloud.functions.v1.CloudFunction","name":"projects/course-catalog-3c19a/locations/us-central1/functions/pubsub","eventTrigger":{"eventType":"google.pubsub.topic.publish","resource":"projects/course-catalog-3c19a/topics/firebase-schedule-pubsub-us-central1"},"entryPoint":"pubsub","availableMemoryMb":2048,"labels":{"deployment-tool":"cli-firebase","deployment-scheduled":"true","firebase-functions-hash":"82bf263d9207864e27f7bc779813deb22d46e81a"},"sourceUploadUrl":"https://storage.googleapis.com/uploads-208400062652.us-central1.cloudfunctions.appspot.com/52893ee3-530f-43e1-b086-ce477f0ee441.zip?GoogleAccessId=service-612761637383@gcf-admin-robot.iam.gserviceaccount.com&Expires=1697601999&Signature=APY07V7rlb734EbEfsH9LbXcAZSzbr6MGpTiUrdo0AOiHtkIG0hRLGzaqfVqiXjLndcHkgbCf%2BabfjDxWnbnze5bBU869solfo0DrAYQMj6oJOcu64nSnpqb%2BilIgQT6IBd1ngNgqGZgDbQI0Kg%2FjD%2BZS%2BmAN%2Fxw4OpOuTpOXtrzpqYEdMhwdr5NwPAzo87MkKun5RH91J4B6BFl1VCM3rHZTbkx3op2xylfp0ZyN3N34xbNG%2BVidjUYp%2FF%2BwVoJ0n6%2FuNQhuADW2tIyyxsYoebxPkikw95bOPgnpgtY%2BKFVLXIMlKxqZX%2B4mDEEACVBJ8Y9ZD2Fg5b0jbVFqJdzpg%3D%3D","environmentVariables":{"FIREBASE_CONFIG":"{\"projectId\":\"course-catalog-3c19a\",\"storageBucket\":\"course-catalog-3c19a.appspot.com\"}","GCLOUD_PROJECT":"course-catalog-3c19a","EVENTARC_CLOUD_EVENT_SOURCE":"projects/course-catalog-3c19a/locations/us-central1/functions/pubsub"},"runtime":"nodejs18","buildEnvironmentVariables":{"GOOGLE_NODE_RUN_SCRIPTS":""},"dockerRegistry":"ARTIFACT_REGISTRY"},"versionId":"1","updateTime":"2023-10-18T03:36:40Z"}}
[debug] [2023-10-18T03:36:40.679Z] >>> [apiv2][query] GET https://cloudfunctions.googleapis.com/v1/operations/Y291cnNlLWNhdGFsb2ctM2MxOWEvdXMtY2VudHJhbDEvcHVic3ViL1UyV3FzdkhVZ2kw [none]
[debug] [2023-10-18T03:36:40.805Z] <<< [apiv2][status] GET https://cloudfunctions.googleapis.com/v1/operations/Y291cnNlLWNhdGFsb2ctM2MxOWEvdXMtY2VudHJhbDEvcHVic3ViL1UyV3FzdkhVZ2kw 200
[debug] [2023-10-18T03:36:40.806Z] <<< [apiv2][body] GET https://cloudfunctions.googleapis.com/v1/operations/Y291cnNlLWNhdGFsb2ctM2MxOWEvdXMtY2VudHJhbDEvcHVic3ViL1UyV3FzdkhVZ2kw {"name":"operations/Y291cnNlLWNhdGFsb2ctM2MxOWEvdXMtY2VudHJhbDEvcHVic3ViL1UyV3FzdkhVZ2kw","metadata":{"@type":"type.googleapis.com/google.cloud.functions.v1.OperationMetadataV1","target":"projects/course-catalog-3c19a/locations/us-central1/functions/pubsub","type":"CREATE_FUNCTION","request":{"@type":"type.googleapis.com/google.cloud.functions.v1.CloudFunction","name":"projects/course-catalog-3c19a/locations/us-central1/functions/pubsub","eventTrigger":{"eventType":"google.pubsub.topic.publish","resource":"projects/course-catalog-3c19a/topics/firebase-schedule-pubsub-us-central1"},"entryPoint":"pubsub","availableMemoryMb":2048,"labels":{"deployment-tool":"cli-firebase","deployment-scheduled":"true","firebase-functions-hash":"82bf263d9207864e27f7bc779813deb22d46e81a"},"sourceUploadUrl":"https://storage.googleapis.com/uploads-208400062652.us-central1.cloudfunctions.appspot.com/52893ee3-530f-43e1-b086-ce477f0ee441.zip?GoogleAccessId=service-612761637383@gcf-admin-robot.iam.gserviceaccount.com&Expires=1697601999&Signature=APY07V7rlb734EbEfsH9LbXcAZSzbr6MGpTiUrdo0AOiHtkIG0hRLGzaqfVqiXjLndcHkgbCf%2BabfjDxWnbnze5bBU869solfo0DrAYQMj6oJOcu64nSnpqb%2BilIgQT6IBd1ngNgqGZgDbQI0Kg%2FjD%2BZS%2BmAN%2Fxw4OpOuTpOXtrzpqYEdMhwdr5NwPAzo87MkKun5RH91J4B6BFl1VCM3rHZTbkx3op2xylfp0ZyN3N34xbNG%2BVidjUYp%2FF%2BwVoJ0n6%2FuNQhuADW2tIyyxsYoebxPkikw95bOPgnpgtY%2BKFVLXIMlKxqZX%2B4mDEEACVBJ8Y9ZD2Fg5b0jbVFqJdzpg%3D%3D","environmentVariables":{"FIREBASE_CONFIG":"{\"projectId\":\"course-catalog-3c19a\",\"storageBucket\":\"course-catalog-3c19a.appspot.com\"}","GCLOUD_PROJECT":"course-catalog-3c19a","EVENTARC_CLOUD_EVENT_SOURCE":"projects/course-catalog-3c19a/locations/us-central1/functions/pubsub"},"runtime":"nodejs18","buildEnvironmentVariables":{"GOOGLE_NODE_RUN_SCRIPTS":""},"dockerRegistry":"ARTIFACT_REGISTRY"},"versionId":"1","updateTime":"2023-10-18T03:36:40Z"}}
[debug] [2023-10-18T03:36:41.308Z] [create-default-us-central1-pubsub] Retrying task index 0
[debug] [2023-10-18T03:36:41.309Z] >>> [apiv2][query] GET https://cloudfunctions.googleapis.com/v1/operations/Y291cnNlLWNhdGFsb2ctM2MxOWEvdXMtY2VudHJhbDEvcHVic3ViL1UyV3FzdkhVZ2kw [none]
[debug] [2023-10-18T03:36:41.459Z] <<< [apiv2][status] GET https://cloudfunctions.googleapis.com/v1/operations/Y291cnNlLWNhdGFsb2ctM2MxOWEvdXMtY2VudHJhbDEvcHVic3ViL1UyV3FzdkhVZ2kw 200
[debug] [2023-10-18T03:36:41.460Z] <<< [apiv2][body] GET https://cloudfunctions.googleapis.com/v1/operations/Y291cnNlLWNhdGFsb2ctM2MxOWEvdXMtY2VudHJhbDEvcHVic3ViL1UyV3FzdkhVZ2kw {"name":"operations/Y291cnNlLWNhdGFsb2ctM2MxOWEvdXMtY2VudHJhbDEvcHVic3ViL1UyV3FzdkhVZ2kw","metadata":{"@type":"type.googleapis.com/google.cloud.functions.v1.OperationMetadataV1","target":"projects/course-catalog-3c19a/locations/us-central1/functions/pubsub","type":"CREATE_FUNCTION","request":{"@type":"type.googleapis.com/google.cloud.functions.v1.CloudFunction","name":"projects/course-catalog-3c19a/locations/us-central1/functions/pubsub","eventTrigger":{"eventType":"google.pubsub.topic.publish","resource":"projects/course-catalog-3c19a/topics/firebase-schedule-pubsub-us-central1"},"entryPoint":"pubsub","availableMemoryMb":2048,"labels":{"deployment-tool":"cli-firebase","deployment-scheduled":"true","firebase-functions-hash":"82bf263d9207864e27f7bc779813deb22d46e81a"},"sourceUploadUrl":"https://storage.googleapis.com/uploads-208400062652.us-central1.cloudfunctions.appspot.com/52893ee3-530f-43e1-b086-ce477f0ee441.zip?GoogleAccessId=service-612761637383@gcf-admin-robot.iam.gserviceaccount.com&Expires=1697601999&Signature=APY07V7rlb734EbEfsH9LbXcAZSzbr6MGpTiUrdo0AOiHtkIG0hRLGzaqfVqiXjLndcHkgbCf%2BabfjDxWnbnze5bBU869solfo0DrAYQMj6oJOcu64nSnpqb%2BilIgQT6IBd1ngNgqGZgDbQI0Kg%2FjD%2BZS%2BmAN%2Fxw4OpOuTpOXtrzpqYEdMhwdr5NwPAzo87MkKun5RH91J4B6BFl1VCM3rHZTbkx3op2xylfp0ZyN3N34xbNG%2BVidjUYp%2FF%2BwVoJ0n6%2FuNQhuADW2tIyyxsYoebxPkikw95bOPgnpgtY%2BKFVLXIMlKxqZX%2B4mDEEACVBJ8Y9ZD2Fg5b0jbVFqJdzpg%3D%3D","environmentVariables":{"FIREBASE_CONFIG":"{\"projectId\":\"course-catalog-3c19a\",\"storageBucket\":\"course-catalog-3c19a.appspot.com\"}","GCLOUD_PROJECT":"course-catalog-3c19a","EVENTARC_CLOUD_EVENT_SOURCE":"projects/course-catalog-3c19a/locations/us-central1/functions/pubsub"},"runtime":"nodejs18","buildEnvironmentVariables":{"GOOGLE_NODE_RUN_SCRIPTS":""},"dockerRegistry":"ARTIFACT_REGISTRY"},"versionId":"1","updateTime":"2023-10-18T03:36:40Z"}}
[debug] [2023-10-18T03:36:42.461Z] [create-default-us-central1-pubsub] Retrying task index 0
[debug] [2023-10-18T03:36:42.462Z] >>> [apiv2][query] GET https://cloudfunctions.googleapis.com/v1/operations/Y291cnNlLWNhdGFsb2ctM2MxOWEvdXMtY2VudHJhbDEvcHVic3ViL1UyV3FzdkhVZ2kw [none]
[debug] [2023-10-18T03:36:42.735Z] <<< [apiv2][status] GET https://cloudfunctions.googleapis.com/v1/operations/Y291cnNlLWNhdGFsb2ctM2MxOWEvdXMtY2VudHJhbDEvcHVic3ViL1UyV3FzdkhVZ2kw 200
[debug] [2023-10-18T03:36:42.736Z] <<< [apiv2][body] GET https://cloudfunctions.googleapis.com/v1/operations/Y291cnNlLWNhdGFsb2ctM2MxOWEvdXMtY2VudHJhbDEvcHVic3ViL1UyV3FzdkhVZ2kw {"name":"operations/Y291cnNlLWNhdGFsb2ctM2MxOWEvdXMtY2VudHJhbDEvcHVic3ViL1UyV3FzdkhVZ2kw","metadata":{"@type":"type.googleapis.com/google.cloud.functions.v1.OperationMetadataV1","target":"projects/course-catalog-3c19a/locations/us-central1/functions/pubsub","type":"CREATE_FUNCTION","request":{"@type":"type.googleapis.com/google.cloud.functions.v1.CloudFunction","name":"projects/course-catalog-3c19a/locations/us-central1/functions/pubsub","eventTrigger":{"eventType":"google.pubsub.topic.publish","resource":"projects/course-catalog-3c19a/topics/firebase-schedule-pubsub-us-central1"},"entryPoint":"pubsub","availableMemoryMb":2048,"labels":{"deployment-tool":"cli-firebase","deployment-scheduled":"true","firebase-functions-hash":"82bf263d9207864e27f7bc779813deb22d46e81a"},"sourceUploadUrl":"https://storage.googleapis.com/uploads-208400062652.us-central1.cloudfunctions.appspot.com/52893ee3-530f-43e1-b086-ce477f0ee441.zip?GoogleAccessId=service-612761637383@gcf-admin-robot.iam.gserviceaccount.com&Expires=1697601999&Signature=APY07V7rlb734EbEfsH9LbXcAZSzbr6MGpTiUrdo0AOiHtkIG0hRLGzaqfVqiXjLndcHkgbCf%2BabfjDxWnbnze5bBU869solfo0DrAYQMj6oJOcu64nSnpqb%2BilIgQT6IBd1ngNgqGZgDbQI0Kg%2FjD%2BZS%2BmAN%2Fxw4OpOuTpOXtrzpqYEdMhwdr5NwPAzo87MkKun5RH91J4B6BFl1VCM3rHZTbkx3op2xylfp0ZyN3N34xbNG%2BVidjUYp%2FF%2BwVoJ0n6%2FuNQhuADW2tIyyxsYoebxPkikw95bOPgnpgtY%2BKFVLXIMlKxqZX%2B4mDEEACVBJ8Y9ZD2Fg5b0jbVFqJdzpg%3D%3D","environmentVariables":{"FIREBASE_CONFIG":"{\"projectId\":\"course-catalog-3c19a\",\"storageBucket\":\"course-catalog-3c19a.appspot.com\"}","GCLOUD_PROJECT":"course-catalog-3c19a","EVENTARC_CLOUD_EVENT_SOURCE":"projects/course-catalog-3c19a/locations/us-central1/functions/pubsub"},"runtime":"nodejs18","buildEnvironmentVariables":{"GOOGLE_NODE_RUN_SCRIPTS":""},"dockerRegistry":"ARTIFACT_REGISTRY"},"versionId":"1","updateTime":"2023-10-18T03:36:40Z"}}
[debug] [2023-10-18T03:36:44.737Z] [create-default-us-central1-pubsub] Retrying task index 0
[debug] [2023-10-18T03:36:44.738Z] >>> [apiv2][query] GET https://cloudfunctions.googleapis.com/v1/operations/Y291cnNlLWNhdGFsb2ctM2MxOWEvdXMtY2VudHJhbDEvcHVic3ViL1UyV3FzdkhVZ2kw [none]
[debug] [2023-10-18T03:36:44.871Z] <<< [apiv2][status] GET https://cloudfunctions.googleapis.com/v1/operations/Y291cnNlLWNhdGFsb2ctM2MxOWEvdXMtY2VudHJhbDEvcHVic3ViL1UyV3FzdkhVZ2kw 200
[debug] [2023-10-18T03:36:44.872Z] <<< [apiv2][body] GET https://cloudfunctions.googleapis.com/v1/operations/Y291cnNlLWNhdGFsb2ctM2MxOWEvdXMtY2VudHJhbDEvcHVic3ViL1UyV3FzdkhVZ2kw {"name":"operations/Y291cnNlLWNhdGFsb2ctM2MxOWEvdXMtY2VudHJhbDEvcHVic3ViL1UyV3FzdkhVZ2kw","metadata":{"@type":"type.googleapis.com/google.cloud.functions.v1.OperationMetadataV1","target":"projects/course-catalog-3c19a/locations/us-central1/functions/pubsub","type":"CREATE_FUNCTION","request":{"@type":"type.googleapis.com/google.cloud.functions.v1.CloudFunction","name":"projects/course-catalog-3c19a/locations/us-central1/functions/pubsub","eventTrigger":{"eventType":"google.pubsub.topic.publish","resource":"projects/course-catalog-3c19a/topics/firebase-schedule-pubsub-us-central1"},"entryPoint":"pubsub","availableMemoryMb":2048,"labels":{"deployment-tool":"cli-firebase","deployment-scheduled":"true","firebase-functions-hash":"82bf263d9207864e27f7bc779813deb22d46e81a"},"sourceUploadUrl":"https://storage.googleapis.com/uploads-208400062652.us-central1.cloudfunctions.appspot.com/52893ee3-530f-43e1-b086-ce477f0ee441.zip?GoogleAccessId=service-612761637383@gcf-admin-robot.iam.gserviceaccount.com&Expires=1697601999&Signature=APY07V7rlb734EbEfsH9LbXcAZSzbr6MGpTiUrdo0AOiHtkIG0hRLGzaqfVqiXjLndcHkgbCf%2BabfjDxWnbnze5bBU869solfo0DrAYQMj6oJOcu64nSnpqb%2BilIgQT6IBd1ngNgqGZgDbQI0Kg%2FjD%2BZS%2BmAN%2Fxw4OpOuTpOXtrzpqYEdMhwdr5NwPAzo87MkKun5RH91J4B6BFl1VCM3rHZTbkx3op2xylfp0ZyN3N34xbNG%2BVidjUYp%2FF%2BwVoJ0n6%2FuNQhuADW2tIyyxsYoebxPkikw95bOPgnpgtY%2BKFVLXIMlKxqZX%2B4mDEEACVBJ8Y9ZD2Fg5b0jbVFqJdzpg%3D%3D","environmentVariables":{"FIREBASE_CONFIG":"{\"projectId\":\"course-catalog-3c19a\",\"storageBucket\":\"course-catalog-3c19a.appspot.com\"}","GCLOUD_PROJECT":"course-catalog-3c19a","EVENTARC_CLOUD_EVENT_SOURCE":"projects/course-catalog-3c19a/locations/us-central1/functions/pubsub"},"runtime":"nodejs18","buildEnvironmentVariables":{"GOOGLE_NODE_RUN_SCRIPTS":""},"dockerRegistry":"ARTIFACT_REGISTRY"},"versionId":"1","updateTime":"2023-10-18T03:36:40Z"}}
[debug] [2023-10-18T03:36:48.873Z] [create-default-us-central1-pubsub] Retrying task index 0
[debug] [2023-10-18T03:36:48.874Z] >>> [apiv2][query] GET https://cloudfunctions.googleapis.com/v1/operations/Y291cnNlLWNhdGFsb2ctM2MxOWEvdXMtY2VudHJhbDEvcHVic3ViL1UyV3FzdkhVZ2kw [none]
[debug] [2023-10-18T03:36:49.028Z] <<< [apiv2][status] GET https://cloudfunctions.googleapis.com/v1/operations/Y291cnNlLWNhdGFsb2ctM2MxOWEvdXMtY2VudHJhbDEvcHVic3ViL1UyV3FzdkhVZ2kw 200
[debug] [2023-10-18T03:36:49.028Z] <<< [apiv2][body] GET https://cloudfunctions.googleapis.com/v1/operations/Y291cnNlLWNhdGFsb2ctM2MxOWEvdXMtY2VudHJhbDEvcHVic3ViL1UyV3FzdkhVZ2kw {"name":"operations/Y291cnNlLWNhdGFsb2ctM2MxOWEvdXMtY2VudHJhbDEvcHVic3ViL1UyV3FzdkhVZ2kw","metadata":{"@type":"type.googleapis.com/google.cloud.functions.v1.OperationMetadataV1","target":"projects/course-catalog-3c19a/locations/us-central1/functions/pubsub","type":"CREATE_FUNCTION","request":{"@type":"type.googleapis.com/google.cloud.functions.v1.CloudFunction","name":"projects/course-catalog-3c19a/locations/us-central1/functions/pubsub","eventTrigger":{"eventType":"google.pubsub.topic.publish","resource":"projects/course-catalog-3c19a/topics/firebase-schedule-pubsub-us-central1"},"entryPoint":"pubsub","availableMemoryMb":2048,"labels":{"deployment-tool":"cli-firebase","deployment-scheduled":"true","firebase-functions-hash":"82bf263d9207864e27f7bc779813deb22d46e81a"},"sourceUploadUrl":"https://storage.googleapis.com/uploads-208400062652.us-central1.cloudfunctions.appspot.com/52893ee3-530f-43e1-b086-ce477f0ee441.zip?GoogleAccessId=service-612761637383@gcf-admin-robot.iam.gserviceaccount.com&Expires=1697601999&Signature=APY07V7rlb734EbEfsH9LbXcAZSzbr6MGpTiUrdo0AOiHtkIG0hRLGzaqfVqiXjLndcHkgbCf%2BabfjDxWnbnze5bBU869solfo0DrAYQMj6oJOcu64nSnpqb%2BilIgQT6IBd1ngNgqGZgDbQI0Kg%2FjD%2BZS%2BmAN%2Fxw4OpOuTpOXtrzpqYEdMhwdr5NwPAzo87MkKun5RH91J4B6BFl1VCM3rHZTbkx3op2xylfp0ZyN3N34xbNG%2BVidjUYp%2FF%2BwVoJ0n6%2FuNQhuADW2tIyyxsYoebxPkikw95bOPgnpgtY%2BKFVLXIMlKxqZX%2B4mDEEACVBJ8Y9ZD2Fg5b0jbVFqJdzpg%3D%3D","environmentVariables":{"FIREBASE_CONFIG":"{\"projectId\":\"course-catalog-3c19a\",\"storageBucket\":\"course-catalog-3c19a.appspot.com\"}","GCLOUD_PROJECT":"course-catalog-3c19a","EVENTARC_CLOUD_EVENT_SOURCE":"projects/course-catalog-3c19a/locations/us-central1/functions/pubsub"},"runtime":"nodejs18","buildEnvironmentVariables":{"GOOGLE_NODE_RUN_SCRIPTS":""},"dockerRegistry":"ARTIFACT_REGISTRY"},"versionId":"1","updateTime":"2023-10-18T03:36:40Z"}}
[debug] [2023-10-18T03:36:57.029Z] [create-default-us-central1-pubsub] Retrying task index 0
[debug] [2023-10-18T03:36:57.030Z] >>> [apiv2][query] GET https://cloudfunctions.googleapis.com/v1/operations/Y291cnNlLWNhdGFsb2ctM2MxOWEvdXMtY2VudHJhbDEvcHVic3ViL1UyV3FzdkhVZ2kw [none]
[debug] [2023-10-18T03:36:57.505Z] <<< [apiv2][status] GET https://cloudfunctions.googleapis.com/v1/operations/Y291cnNlLWNhdGFsb2ctM2MxOWEvdXMtY2VudHJhbDEvcHVic3ViL1UyV3FzdkhVZ2kw 200
[debug] [2023-10-18T03:36:57.505Z] <<< [apiv2][body] GET https://cloudfunctions.googleapis.com/v1/operations/Y291cnNlLWNhdGFsb2ctM2MxOWEvdXMtY2VudHJhbDEvcHVic3ViL1UyV3FzdkhVZ2kw {"name":"operations/Y291cnNlLWNhdGFsb2ctM2MxOWEvdXMtY2VudHJhbDEvcHVic3ViL1UyV3FzdkhVZ2kw","metadata":{"@type":"type.googleapis.com/google.cloud.functions.v1.OperationMetadataV1","target":"projects/course-catalog-3c19a/locations/us-central1/functions/pubsub","type":"CREATE_FUNCTION","request":{"@type":"type.googleapis.com/google.cloud.functions.v1.CloudFunction","name":"projects/course-catalog-3c19a/locations/us-central1/functions/pubsub","eventTrigger":{"eventType":"google.pubsub.topic.publish","resource":"projects/course-catalog-3c19a/topics/firebase-schedule-pubsub-us-central1"},"entryPoint":"pubsub","availableMemoryMb":2048,"labels":{"deployment-tool":"cli-firebase","deployment-scheduled":"true","firebase-functions-hash":"82bf263d9207864e27f7bc779813deb22d46e81a"},"sourceUploadUrl":"https://storage.googleapis.com/uploads-208400062652.us-central1.cloudfunctions.appspot.com/52893ee3-530f-43e1-b086-ce477f0ee441.zip?GoogleAccessId=service-612761637383@gcf-admin-robot.iam.gserviceaccount.com&Expires=1697601999&Signature=APY07V7rlb734EbEfsH9LbXcAZSzbr6MGpTiUrdo0AOiHtkIG0hRLGzaqfVqiXjLndcHkgbCf%2BabfjDxWnbnze5bBU869solfo0DrAYQMj6oJOcu64nSnpqb%2BilIgQT6IBd1ngNgqGZgDbQI0Kg%2FjD%2BZS%2BmAN%2Fxw4OpOuTpOXtrzpqYEdMhwdr5NwPAzo87MkKun5RH91J4B6BFl1VCM3rHZTbkx3op2xylfp0ZyN3N34xbNG%2BVidjUYp%2FF%2BwVoJ0n6%2FuNQhuADW2tIyyxsYoebxPkikw95bOPgnpgtY%2BKFVLXIMlKxqZX%2B4mDEEACVBJ8Y9ZD2Fg5b0jbVFqJdzpg%3D%3D","environmentVariables":{"FIREBASE_CONFIG":"{\"projectId\":\"course-catalog-3c19a\",\"storageBucket\":\"course-catalog-3c19a.appspot.com\"}","GCLOUD_PROJECT":"course-catalog-3c19a","EVENTARC_CLOUD_EVENT_SOURCE":"projects/course-catalog-3c19a/locations/us-central1/functions/pubsub"},"runtime":"nodejs18","buildEnvironmentVariables":{"GOOGLE_NODE_RUN_SCRIPTS":""},"dockerRegistry":"ARTIFACT_REGISTRY"},"versionId":"1","updateTime":"2023-10-18T03:36:40Z","buildId":"9faba509-d38c-454e-9e52-fee8aca89060","buildName":"projects/612761637383/locations/us-central1/builds/9faba509-d38c-454e-9e52-fee8aca89060"}}
[debug] [2023-10-18T03:37:07.507Z] [create-default-us-central1-pubsub] Retrying task index 0
[debug] [2023-10-18T03:37:07.509Z] >>> [apiv2][query] GET https://cloudfunctions.googleapis.com/v1/operations/Y291cnNlLWNhdGFsb2ctM2MxOWEvdXMtY2VudHJhbDEvcHVic3ViL1UyV3FzdkhVZ2kw [none]
[debug] [2023-10-18T03:37:07.795Z] <<< [apiv2][status] GET https://cloudfunctions.googleapis.com/v1/operations/Y291cnNlLWNhdGFsb2ctM2MxOWEvdXMtY2VudHJhbDEvcHVic3ViL1UyV3FzdkhVZ2kw 200
[debug] [2023-10-18T03:37:07.795Z] <<< [apiv2][body] GET https://cloudfunctions.googleapis.com/v1/operations/Y291cnNlLWNhdGFsb2ctM2MxOWEvdXMtY2VudHJhbDEvcHVic3ViL1UyV3FzdkhVZ2kw {"name":"operations/Y291cnNlLWNhdGFsb2ctM2MxOWEvdXMtY2VudHJhbDEvcHVic3ViL1UyV3FzdkhVZ2kw","metadata":{"@type":"type.googleapis.com/google.cloud.functions.v1.OperationMetadataV1","target":"projects/course-catalog-3c19a/locations/us-central1/functions/pubsub","type":"CREATE_FUNCTION","request":{"@type":"type.googleapis.com/google.cloud.functions.v1.CloudFunction","name":"projects/course-catalog-3c19a/locations/us-central1/functions/pubsub","eventTrigger":{"eventType":"google.pubsub.topic.publish","resource":"projects/course-catalog-3c19a/topics/firebase-schedule-pubsub-us-central1"},"entryPoint":"pubsub","availableMemoryMb":2048,"labels":{"deployment-tool":"cli-firebase","deployment-scheduled":"true","firebase-functions-hash":"82bf263d9207864e27f7bc779813deb22d46e81a"},"sourceUploadUrl":"https://storage.googleapis.com/uploads-208400062652.us-central1.cloudfunctions.appspot.com/52893ee3-530f-43e1-b086-ce477f0ee441.zip?GoogleAccessId=service-612761637383@gcf-admin-robot.iam.gserviceaccount.com&Expires=1697601999&Signature=APY07V7rlb734EbEfsH9LbXcAZSzbr6MGpTiUrdo0AOiHtkIG0hRLGzaqfVqiXjLndcHkgbCf%2BabfjDxWnbnze5bBU869solfo0DrAYQMj6oJOcu64nSnpqb%2BilIgQT6IBd1ngNgqGZgDbQI0Kg%2FjD%2BZS%2BmAN%2Fxw4OpOuTpOXtrzpqYEdMhwdr5NwPAzo87MkKun5RH91J4B6BFl1VCM3rHZTbkx3op2xylfp0ZyN3N34xbNG%2BVidjUYp%2FF%2BwVoJ0n6%2FuNQhuADW2tIyyxsYoebxPkikw95bOPgnpgtY%2BKFVLXIMlKxqZX%2B4mDEEACVBJ8Y9ZD2Fg5b0jbVFqJdzpg%3D%3D","environmentVariables":{"FIREBASE_CONFIG":"{\"projectId\":\"course-catalog-3c19a\",\"storageBucket\":\"course-catalog-3c19a.appspot.com\"}","GCLOUD_PROJECT":"course-catalog-3c19a","EVENTARC_CLOUD_EVENT_SOURCE":"projects/course-catalog-3c19a/locations/us-central1/functions/pubsub"},"runtime":"nodejs18","buildEnvironmentVariables":{"GOOGLE_NODE_RUN_SCRIPTS":""},"dockerRegistry":"ARTIFACT_REGISTRY"},"versionId":"1","updateTime":"2023-10-18T03:36:40Z","buildId":"9faba509-d38c-454e-9e52-fee8aca89060","buildName":"projects/612761637383/locations/us-central1/builds/9faba509-d38c-454e-9e52-fee8aca89060"}}
[debug] [2023-10-18T03:37:17.798Z] [create-default-us-central1-pubsub] Retrying task index 0
[debug] [2023-10-18T03:37:17.799Z] >>> [apiv2][query] GET https://cloudfunctions.googleapis.com/v1/operations/Y291cnNlLWNhdGFsb2ctM2MxOWEvdXMtY2VudHJhbDEvcHVic3ViL1UyV3FzdkhVZ2kw [none]
[debug] [2023-10-18T03:37:17.994Z] <<< [apiv2][status] GET https://cloudfunctions.googleapis.com/v1/operations/Y291cnNlLWNhdGFsb2ctM2MxOWEvdXMtY2VudHJhbDEvcHVic3ViL1UyV3FzdkhVZ2kw 200
[debug] [2023-10-18T03:37:17.994Z] <<< [apiv2][body] GET https://cloudfunctions.googleapis.com/v1/operations/Y291cnNlLWNhdGFsb2ctM2MxOWEvdXMtY2VudHJhbDEvcHVic3ViL1UyV3FzdkhVZ2kw {"name":"operations/Y291cnNlLWNhdGFsb2ctM2MxOWEvdXMtY2VudHJhbDEvcHVic3ViL1UyV3FzdkhVZ2kw","metadata":{"@type":"type.googleapis.com/google.cloud.functions.v1.OperationMetadataV1","target":"projects/course-catalog-3c19a/locations/us-central1/functions/pubsub","type":"CREATE_FUNCTION","request":{"@type":"type.googleapis.com/google.cloud.functions.v1.CloudFunction","name":"projects/course-catalog-3c19a/locations/us-central1/functions/pubsub","eventTrigger":{"eventType":"google.pubsub.topic.publish","resource":"projects/course-catalog-3c19a/topics/firebase-schedule-pubsub-us-central1"},"entryPoint":"pubsub","availableMemoryMb":2048,"labels":{"deployment-tool":"cli-firebase","deployment-scheduled":"true","firebase-functions-hash":"82bf263d9207864e27f7bc779813deb22d46e81a"},"sourceUploadUrl":"https://storage.googleapis.com/uploads-208400062652.us-central1.cloudfunctions.appspot.com/52893ee3-530f-43e1-b086-ce477f0ee441.zip?GoogleAccessId=service-612761637383@gcf-admin-robot.iam.gserviceaccount.com&Expires=1697601999&Signature=APY07V7rlb734EbEfsH9LbXcAZSzbr6MGpTiUrdo0AOiHtkIG0hRLGzaqfVqiXjLndcHkgbCf%2BabfjDxWnbnze5bBU869solfo0DrAYQMj6oJOcu64nSnpqb%2BilIgQT6IBd1ngNgqGZgDbQI0Kg%2FjD%2BZS%2BmAN%2Fxw4OpOuTpOXtrzpqYEdMhwdr5NwPAzo87MkKun5RH91J4B6BFl1VCM3rHZTbkx3op2xylfp0ZyN3N34xbNG%2BVidjUYp%2FF%2BwVoJ0n6%2FuNQhuADW2tIyyxsYoebxPkikw95bOPgnpgtY%2BKFVLXIMlKxqZX%2B4mDEEACVBJ8Y9ZD2Fg5b0jbVFqJdzpg%3D%3D","environmentVariables":{"FIREBASE_CONFIG":"{\"projectId\":\"course-catalog-3c19a\",\"storageBucket\":\"course-catalog-3c19a.appspot.com\"}","GCLOUD_PROJECT":"course-catalog-3c19a","EVENTARC_CLOUD_EVENT_SOURCE":"projects/course-catalog-3c19a/locations/us-central1/functions/pubsub"},"runtime":"nodejs18","buildEnvironmentVariables":{"GOOGLE_NODE_RUN_SCRIPTS":""},"dockerRegistry":"ARTIFACT_REGISTRY"},"versionId":"1","updateTime":"2023-10-18T03:36:40Z","buildId":"9faba509-d38c-454e-9e52-fee8aca89060","buildName":"projects/612761637383/locations/us-central1/builds/9faba509-d38c-454e-9e52-fee8aca89060"}}
[debug] [2023-10-18T03:37:27.995Z] [create-default-us-central1-pubsub] Retrying task index 0
[debug] [2023-10-18T03:37:27.996Z] >>> [apiv2][query] GET https://cloudfunctions.googleapis.com/v1/operations/Y291cnNlLWNhdGFsb2ctM2MxOWEvdXMtY2VudHJhbDEvcHVic3ViL1UyV3FzdkhVZ2kw [none]
[debug] [2023-10-18T03:37:28.271Z] <<< [apiv2][status] GET https://cloudfunctions.googleapis.com/v1/operations/Y291cnNlLWNhdGFsb2ctM2MxOWEvdXMtY2VudHJhbDEvcHVic3ViL1UyV3FzdkhVZ2kw 200
[debug] [2023-10-18T03:37:28.271Z] <<< [apiv2][body] GET https://cloudfunctions.googleapis.com/v1/operations/Y291cnNlLWNhdGFsb2ctM2MxOWEvdXMtY2VudHJhbDEvcHVic3ViL1UyV3FzdkhVZ2kw {"name":"operations/Y291cnNlLWNhdGFsb2ctM2MxOWEvdXMtY2VudHJhbDEvcHVic3ViL1UyV3FzdkhVZ2kw","metadata":{"@type":"type.googleapis.com/google.cloud.functions.v1.OperationMetadataV1","target":"projects/course-catalog-3c19a/locations/us-central1/functions/pubsub","type":"CREATE_FUNCTION","request":{"@type":"type.googleapis.com/google.cloud.functions.v1.CloudFunction","name":"projects/course-catalog-3c19a/locations/us-central1/functions/pubsub","eventTrigger":{"eventType":"google.pubsub.topic.publish","resource":"projects/course-catalog-3c19a/topics/firebase-schedule-pubsub-us-central1"},"entryPoint":"pubsub","availableMemoryMb":2048,"labels":{"deployment-tool":"cli-firebase","deployment-scheduled":"true","firebase-functions-hash":"82bf263d9207864e27f7bc779813deb22d46e81a"},"sourceUploadUrl":"https://storage.googleapis.com/uploads-208400062652.us-central1.cloudfunctions.appspot.com/52893ee3-530f-43e1-b086-ce477f0ee441.zip?GoogleAccessId=service-612761637383@gcf-admin-robot.iam.gserviceaccount.com&Expires=1697601999&Signature=APY07V7rlb734EbEfsH9LbXcAZSzbr6MGpTiUrdo0AOiHtkIG0hRLGzaqfVqiXjLndcHkgbCf%2BabfjDxWnbnze5bBU869solfo0DrAYQMj6oJOcu64nSnpqb%2BilIgQT6IBd1ngNgqGZgDbQI0Kg%2FjD%2BZS%2BmAN%2Fxw4OpOuTpOXtrzpqYEdMhwdr5NwPAzo87MkKun5RH91J4B6BFl1VCM3rHZTbkx3op2xylfp0ZyN3N34xbNG%2BVidjUYp%2FF%2BwVoJ0n6%2FuNQhuADW2tIyyxsYoebxPkikw95bOPgnpgtY%2BKFVLXIMlKxqZX%2B4mDEEACVBJ8Y9ZD2Fg5b0jbVFqJdzpg%3D%3D","environmentVariables":{"FIREBASE_CONFIG":"{\"projectId\":\"course-catalog-3c19a\",\"storageBucket\":\"course-catalog-3c19a.appspot.com\"}","GCLOUD_PROJECT":"course-catalog-3c19a","EVENTARC_CLOUD_EVENT_SOURCE":"projects/course-catalog-3c19a/locations/us-central1/functions/pubsub"},"runtime":"nodejs18","buildEnvironmentVariables":{"GOOGLE_NODE_RUN_SCRIPTS":""},"dockerRegistry":"ARTIFACT_REGISTRY"},"versionId":"1","updateTime":"2023-10-18T03:36:40Z","buildId":"9faba509-d38c-454e-9e52-fee8aca89060","buildName":"projects/612761637383/locations/us-central1/builds/9faba509-d38c-454e-9e52-fee8aca89060"}}
[debug] [2023-10-18T03:37:38.273Z] [create-default-us-central1-pubsub] Retrying task index 0
[debug] [2023-10-18T03:37:38.274Z] >>> [apiv2][query] GET https://cloudfunctions.googleapis.com/v1/operations/Y291cnNlLWNhdGFsb2ctM2MxOWEvdXMtY2VudHJhbDEvcHVic3ViL1UyV3FzdkhVZ2kw [none]
[debug] [2023-10-18T03:37:38.448Z] <<< [apiv2][status] GET https://cloudfunctions.googleapis.com/v1/operations/Y291cnNlLWNhdGFsb2ctM2MxOWEvdXMtY2VudHJhbDEvcHVic3ViL1UyV3FzdkhVZ2kw 200
[debug] [2023-10-18T03:37:38.449Z] <<< [apiv2][body] GET https://cloudfunctions.googleapis.com/v1/operations/Y291cnNlLWNhdGFsb2ctM2MxOWEvdXMtY2VudHJhbDEvcHVic3ViL1UyV3FzdkhVZ2kw {"name":"operations/Y291cnNlLWNhdGFsb2ctM2MxOWEvdXMtY2VudHJhbDEvcHVic3ViL1UyV3FzdkhVZ2kw","metadata":{"@type":"type.googleapis.com/google.cloud.functions.v1.OperationMetadataV1","target":"projects/course-catalog-3c19a/locations/us-central1/functions/pubsub","type":"CREATE_FUNCTION","request":{"@type":"type.googleapis.com/google.cloud.functions.v1.CloudFunction","name":"projects/course-catalog-3c19a/locations/us-central1/functions/pubsub","eventTrigger":{"eventType":"google.pubsub.topic.publish","resource":"projects/course-catalog-3c19a/topics/firebase-schedule-pubsub-us-central1"},"entryPoint":"pubsub","availableMemoryMb":2048,"labels":{"deployment-tool":"cli-firebase","deployment-scheduled":"true","firebase-functions-hash":"82bf263d9207864e27f7bc779813deb22d46e81a"},"sourceUploadUrl":"https://storage.googleapis.com/uploads-208400062652.us-central1.cloudfunctions.appspot.com/52893ee3-530f-43e1-b086-ce477f0ee441.zip?GoogleAccessId=service-612761637383@gcf-admin-robot.iam.gserviceaccount.com&Expires=1697601999&Signature=APY07V7rlb734EbEfsH9LbXcAZSzbr6MGpTiUrdo0AOiHtkIG0hRLGzaqfVqiXjLndcHkgbCf%2BabfjDxWnbnze5bBU869solfo0DrAYQMj6oJOcu64nSnpqb%2BilIgQT6IBd1ngNgqGZgDbQI0Kg%2FjD%2BZS%2BmAN%2Fxw4OpOuTpOXtrzpqYEdMhwdr5NwPAzo87MkKun5RH91J4B6BFl1VCM3rHZTbkx3op2xylfp0ZyN3N34xbNG%2BVidjUYp%2FF%2BwVoJ0n6%2FuNQhuADW2tIyyxsYoebxPkikw95bOPgnpgtY%2BKFVLXIMlKxqZX%2B4mDEEACVBJ8Y9ZD2Fg5b0jbVFqJdzpg%3D%3D","environmentVariables":{"FIREBASE_CONFIG":"{\"projectId\":\"course-catalog-3c19a\",\"storageBucket\":\"course-catalog-3c19a.appspot.com\"}","GCLOUD_PROJECT":"course-catalog-3c19a","EVENTARC_CLOUD_EVENT_SOURCE":"projects/course-catalog-3c19a/locations/us-central1/functions/pubsub"},"runtime":"nodejs18","buildEnvironmentVariables":{"GOOGLE_NODE_RUN_SCRIPTS":""},"dockerRegistry":"ARTIFACT_REGISTRY"},"versionId":"1","updateTime":"2023-10-18T03:36:40Z","buildId":"9faba509-d38c-454e-9e52-fee8aca89060","buildName":"projects/612761637383/locations/us-central1/builds/9faba509-d38c-454e-9e52-fee8aca89060"}}
[debug] [2023-10-18T03:37:48.450Z] [create-default-us-central1-pubsub] Retrying task index 0
[debug] [2023-10-18T03:37:48.451Z] >>> [apiv2][query] GET https://cloudfunctions.googleapis.com/v1/operations/Y291cnNlLWNhdGFsb2ctM2MxOWEvdXMtY2VudHJhbDEvcHVic3ViL1UyV3FzdkhVZ2kw [none]
[debug] [2023-10-18T03:37:48.584Z] <<< [apiv2][status] GET https://cloudfunctions.googleapis.com/v1/operations/Y291cnNlLWNhdGFsb2ctM2MxOWEvdXMtY2VudHJhbDEvcHVic3ViL1UyV3FzdkhVZ2kw 200
[debug] [2023-10-18T03:37:48.584Z] <<< [apiv2][body] GET https://cloudfunctions.googleapis.com/v1/operations/Y291cnNlLWNhdGFsb2ctM2MxOWEvdXMtY2VudHJhbDEvcHVic3ViL1UyV3FzdkhVZ2kw {"name":"operations/Y291cnNlLWNhdGFsb2ctM2MxOWEvdXMtY2VudHJhbDEvcHVic3ViL1UyV3FzdkhVZ2kw","metadata":{"@type":"type.googleapis.com/google.cloud.functions.v1.OperationMetadataV1","target":"projects/course-catalog-3c19a/locations/us-central1/functions/pubsub","type":"CREATE_FUNCTION","request":{"@type":"type.googleapis.com/google.cloud.functions.v1.CloudFunction","name":"projects/course-catalog-3c19a/locations/us-central1/functions/pubsub","eventTrigger":{"eventType":"google.pubsub.topic.publish","resource":"projects/course-catalog-3c19a/topics/firebase-schedule-pubsub-us-central1"},"entryPoint":"pubsub","availableMemoryMb":2048,"labels":{"deployment-tool":"cli-firebase","deployment-scheduled":"true","firebase-functions-hash":"82bf263d9207864e27f7bc779813deb22d46e81a"},"sourceUploadUrl":"https://storage.googleapis.com/uploads-208400062652.us-central1.cloudfunctions.appspot.com/52893ee3-530f-43e1-b086-ce477f0ee441.zip?GoogleAccessId=service-612761637383@gcf-admin-robot.iam.gserviceaccount.com&Expires=1697601999&Signature=APY07V7rlb734EbEfsH9LbXcAZSzbr6MGpTiUrdo0AOiHtkIG0hRLGzaqfVqiXjLndcHkgbCf%2BabfjDxWnbnze5bBU869solfo0DrAYQMj6oJOcu64nSnpqb%2BilIgQT6IBd1ngNgqGZgDbQI0Kg%2FjD%2BZS%2BmAN%2Fxw4OpOuTpOXtrzpqYEdMhwdr5NwPAzo87MkKun5RH91J4B6BFl1VCM3rHZTbkx3op2xylfp0ZyN3N34xbNG%2BVidjUYp%2FF%2BwVoJ0n6%2FuNQhuADW2tIyyxsYoebxPkikw95bOPgnpgtY%2BKFVLXIMlKxqZX%2B4mDEEACVBJ8Y9ZD2Fg5b0jbVFqJdzpg%3D%3D","environmentVariables":{"FIREBASE_CONFIG":"{\"projectId\":\"course-catalog-3c19a\",\"storageBucket\":\"course-catalog-3c19a.appspot.com\"}","GCLOUD_PROJECT":"course-catalog-3c19a","EVENTARC_CLOUD_EVENT_SOURCE":"projects/course-catalog-3c19a/locations/us-central1/functions/pubsub"},"runtime":"nodejs18","buildEnvironmentVariables":{"GOOGLE_NODE_RUN_SCRIPTS":""},"dockerRegistry":"ARTIFACT_REGISTRY"},"versionId":"1","updateTime":"2023-10-18T03:36:40Z","buildId":"9faba509-d38c-454e-9e52-fee8aca89060","buildName":"projects/612761637383/locations/us-central1/builds/9faba509-d38c-454e-9e52-fee8aca89060"}}
[debug] [2023-10-18T03:37:58.586Z] [create-default-us-central1-pubsub] Retrying task index 0
[debug] [2023-10-18T03:37:58.587Z] >>> [apiv2][query] GET https://cloudfunctions.googleapis.com/v1/operations/Y291cnNlLWNhdGFsb2ctM2MxOWEvdXMtY2VudHJhbDEvcHVic3ViL1UyV3FzdkhVZ2kw [none]
[debug] [2023-10-18T03:37:58.782Z] <<< [apiv2][status] GET https://cloudfunctions.googleapis.com/v1/operations/Y291cnNlLWNhdGFsb2ctM2MxOWEvdXMtY2VudHJhbDEvcHVic3ViL1UyV3FzdkhVZ2kw 200
[debug] [2023-10-18T03:37:58.782Z] <<< [apiv2][body] GET https://cloudfunctions.googleapis.com/v1/operations/Y291cnNlLWNhdGFsb2ctM2MxOWEvdXMtY2VudHJhbDEvcHVic3ViL1UyV3FzdkhVZ2kw {"name":"operations/Y291cnNlLWNhdGFsb2ctM2MxOWEvdXMtY2VudHJhbDEvcHVic3ViL1UyV3FzdkhVZ2kw","metadata":{"@type":"type.googleapis.com/google.cloud.functions.v1.OperationMetadataV1","target":"projects/course-catalog-3c19a/locations/us-central1/functions/pubsub","type":"CREATE_FUNCTION","request":{"@type":"type.googleapis.com/google.cloud.functions.v1.CloudFunction","name":"projects/course-catalog-3c19a/locations/us-central1/functions/pubsub","eventTrigger":{"eventType":"google.pubsub.topic.publish","resource":"projects/course-catalog-3c19a/topics/firebase-schedule-pubsub-us-central1"},"entryPoint":"pubsub","availableMemoryMb":2048,"labels":{"deployment-tool":"cli-firebase","deployment-scheduled":"true","firebase-functions-hash":"82bf263d9207864e27f7bc779813deb22d46e81a"},"sourceUploadUrl":"https://storage.googleapis.com/uploads-208400062652.us-central1.cloudfunctions.appspot.com/52893ee3-530f-43e1-b086-ce477f0ee441.zip?GoogleAccessId=service-612761637383@gcf-admin-robot.iam.gserviceaccount.com&Expires=1697601999&Signature=APY07V7rlb734EbEfsH9LbXcAZSzbr6MGpTiUrdo0AOiHtkIG0hRLGzaqfVqiXjLndcHkgbCf%2BabfjDxWnbnze5bBU869solfo0DrAYQMj6oJOcu64nSnpqb%2BilIgQT6IBd1ngNgqGZgDbQI0Kg%2FjD%2BZS%2BmAN%2Fxw4OpOuTpOXtrzpqYEdMhwdr5NwPAzo87MkKun5RH91J4B6BFl1VCM3rHZTbkx3op2xylfp0ZyN3N34xbNG%2BVidjUYp%2FF%2BwVoJ0n6%2FuNQhuADW2tIyyxsYoebxPkikw95bOPgnpgtY%2BKFVLXIMlKxqZX%2B4mDEEACVBJ8Y9ZD2Fg5b0jbVFqJdzpg%3D%3D","environmentVariables":{"FIREBASE_CONFIG":"{\"projectId\":\"course-catalog-3c19a\",\"storageBucket\":\"course-catalog-3c19a.appspot.com\"}","GCLOUD_PROJECT":"course-catalog-3c19a","EVENTARC_CLOUD_EVENT_SOURCE":"projects/course-catalog-3c19a/locations/us-central1/functions/pubsub"},"runtime":"nodejs18","buildEnvironmentVariables":{"GOOGLE_NODE_RUN_SCRIPTS":""},"dockerRegistry":"ARTIFACT_REGISTRY"},"versionId":"1","updateTime":"2023-10-18T03:36:40Z","buildId":"9faba509-d38c-454e-9e52-fee8aca89060","sourceToken":"6e8ac036-3ac5-4a18-b346-745f6e0da63b","buildName":"projects/612761637383/locations/us-central1/builds/9faba509-d38c-454e-9e52-fee8aca89060"}}
[debug] [2023-10-18T03:37:58.782Z] Got source token 6e8ac036-3ac5-4a18-b346-745f6e0da63b for region us-central1
[debug] [2023-10-18T03:38:08.783Z] [create-default-us-central1-pubsub] Retrying task index 0
[debug] [2023-10-18T03:38:08.784Z] >>> [apiv2][query] GET https://cloudfunctions.googleapis.com/v1/operations/Y291cnNlLWNhdGFsb2ctM2MxOWEvdXMtY2VudHJhbDEvcHVic3ViL1UyV3FzdkhVZ2kw [none]
[debug] [2023-10-18T03:38:08.938Z] <<< [apiv2][status] GET https://cloudfunctions.googleapis.com/v1/operations/Y291cnNlLWNhdGFsb2ctM2MxOWEvdXMtY2VudHJhbDEvcHVic3ViL1UyV3FzdkhVZ2kw 200
[debug] [2023-10-18T03:38:08.938Z] <<< [apiv2][body] GET https://cloudfunctions.googleapis.com/v1/operations/Y291cnNlLWNhdGFsb2ctM2MxOWEvdXMtY2VudHJhbDEvcHVic3ViL1UyV3FzdkhVZ2kw {"name":"operations/Y291cnNlLWNhdGFsb2ctM2MxOWEvdXMtY2VudHJhbDEvcHVic3ViL1UyV3FzdkhVZ2kw","metadata":{"@type":"type.googleapis.com/google.cloud.functions.v1.OperationMetadataV1","target":"projects/course-catalog-3c19a/locations/us-central1/functions/pubsub","type":"CREATE_FUNCTION","request":{"@type":"type.googleapis.com/google.cloud.functions.v1.CloudFunction","name":"projects/course-catalog-3c19a/locations/us-central1/functions/pubsub","eventTrigger":{"eventType":"google.pubsub.topic.publish","resource":"projects/course-catalog-3c19a/topics/firebase-schedule-pubsub-us-central1"},"entryPoint":"pubsub","availableMemoryMb":2048,"labels":{"deployment-tool":"cli-firebase","deployment-scheduled":"true","firebase-functions-hash":"82bf263d9207864e27f7bc779813deb22d46e81a"},"sourceUploadUrl":"https://storage.googleapis.com/uploads-208400062652.us-central1.cloudfunctions.appspot.com/52893ee3-530f-43e1-b086-ce477f0ee441.zip?GoogleAccessId=service-612761637383@gcf-admin-robot.iam.gserviceaccount.com&Expires=1697601999&Signature=APY07V7rlb734EbEfsH9LbXcAZSzbr6MGpTiUrdo0AOiHtkIG0hRLGzaqfVqiXjLndcHkgbCf%2BabfjDxWnbnze5bBU869solfo0DrAYQMj6oJOcu64nSnpqb%2BilIgQT6IBd1ngNgqGZgDbQI0Kg%2FjD%2BZS%2BmAN%2Fxw4OpOuTpOXtrzpqYEdMhwdr5NwPAzo87MkKun5RH91J4B6BFl1VCM3rHZTbkx3op2xylfp0ZyN3N34xbNG%2BVidjUYp%2FF%2BwVoJ0n6%2FuNQhuADW2tIyyxsYoebxPkikw95bOPgnpgtY%2BKFVLXIMlKxqZX%2B4mDEEACVBJ8Y9ZD2Fg5b0jbVFqJdzpg%3D%3D","environmentVariables":{"FIREBASE_CONFIG":"{\"projectId\":\"course-catalog-3c19a\",\"storageBucket\":\"course-catalog-3c19a.appspot.com\"}","GCLOUD_PROJECT":"course-catalog-3c19a","EVENTARC_CLOUD_EVENT_SOURCE":"projects/course-catalog-3c19a/locations/us-central1/functions/pubsub"},"runtime":"nodejs18","buildEnvironmentVariables":{"GOOGLE_NODE_RUN_SCRIPTS":""},"dockerRegistry":"ARTIFACT_REGISTRY"},"versionId":"1","updateTime":"2023-10-18T03:36:40Z","buildId":"9faba509-d38c-454e-9e52-fee8aca89060","sourceToken":"6e8ac036-3ac5-4a18-b346-745f6e0da63b","buildName":"projects/612761637383/locations/us-central1/builds/9faba509-d38c-454e-9e52-fee8aca89060"}}
[debug] [2023-10-18T03:38:08.938Z] Got source token 6e8ac036-3ac5-4a18-b346-745f6e0da63b for region us-central1
[debug] [2023-10-18T03:38:18.940Z] [create-default-us-central1-pubsub] Retrying task index 0
[debug] [2023-10-18T03:38:18.941Z] >>> [apiv2][query] GET https://cloudfunctions.googleapis.com/v1/operations/Y291cnNlLWNhdGFsb2ctM2MxOWEvdXMtY2VudHJhbDEvcHVic3ViL1UyV3FzdkhVZ2kw [none]
[debug] [2023-10-18T03:38:19.223Z] <<< [apiv2][status] GET https://cloudfunctions.googleapis.com/v1/operations/Y291cnNlLWNhdGFsb2ctM2MxOWEvdXMtY2VudHJhbDEvcHVic3ViL1UyV3FzdkhVZ2kw 200
[debug] [2023-10-18T03:38:19.223Z] <<< [apiv2][body] GET https://cloudfunctions.googleapis.com/v1/operations/Y291cnNlLWNhdGFsb2ctM2MxOWEvdXMtY2VudHJhbDEvcHVic3ViL1UyV3FzdkhVZ2kw {"name":"operations/Y291cnNlLWNhdGFsb2ctM2MxOWEvdXMtY2VudHJhbDEvcHVic3ViL1UyV3FzdkhVZ2kw","metadata":{"@type":"type.googleapis.com/google.cloud.functions.v1.OperationMetadataV1","target":"projects/course-catalog-3c19a/locations/us-central1/functions/pubsub","type":"CREATE_FUNCTION","request":{"@type":"type.googleapis.com/google.cloud.functions.v1.CloudFunction","name":"projects/course-catalog-3c19a/locations/us-central1/functions/pubsub","eventTrigger":{"eventType":"google.pubsub.topic.publish","resource":"projects/course-catalog-3c19a/topics/firebase-schedule-pubsub-us-central1"},"entryPoint":"pubsub","availableMemoryMb":2048,"labels":{"deployment-tool":"cli-firebase","deployment-scheduled":"true","firebase-functions-hash":"82bf263d9207864e27f7bc779813deb22d46e81a"},"sourceUploadUrl":"https://storage.googleapis.com/uploads-208400062652.us-central1.cloudfunctions.appspot.com/52893ee3-530f-43e1-b086-ce477f0ee441.zip?GoogleAccessId=service-612761637383@gcf-admin-robot.iam.gserviceaccount.com&Expires=1697601999&Signature=APY07V7rlb734EbEfsH9LbXcAZSzbr6MGpTiUrdo0AOiHtkIG0hRLGzaqfVqiXjLndcHkgbCf%2BabfjDxWnbnze5bBU869solfo0DrAYQMj6oJOcu64nSnpqb%2BilIgQT6IBd1ngNgqGZgDbQI0Kg%2FjD%2BZS%2BmAN%2Fxw4OpOuTpOXtrzpqYEdMhwdr5NwPAzo87MkKun5RH91J4B6BFl1VCM3rHZTbkx3op2xylfp0ZyN3N34xbNG%2BVidjUYp%2FF%2BwVoJ0n6%2FuNQhuADW2tIyyxsYoebxPkikw95bOPgnpgtY%2BKFVLXIMlKxqZX%2B4mDEEACVBJ8Y9ZD2Fg5b0jbVFqJdzpg%3D%3D","environmentVariables":{"FIREBASE_CONFIG":"{\"projectId\":\"course-catalog-3c19a\",\"storageBucket\":\"course-catalog-3c19a.appspot.com\"}","GCLOUD_PROJECT":"course-catalog-3c19a","EVENTARC_CLOUD_EVENT_SOURCE":"projects/course-catalog-3c19a/locations/us-central1/functions/pubsub"},"runtime":"nodejs18","buildEnvironmentVariables":{"GOOGLE_NODE_RUN_SCRIPTS":""},"dockerRegistry":"ARTIFACT_REGISTRY"},"versionId":"1","updateTime":"2023-10-18T03:38:15Z","buildId":"9faba509-d38c-454e-9e52-fee8aca89060","sourceToken":"6e8ac036-3ac5-4a18-b346-745f6e0da63b","buildName":"projects/612761637383/locations/us-central1/builds/9faba509-d38c-454e-9e52-fee8aca89060"},"done":true,"error":{"code":3,"message":"Function failed on loading user code. This is likely due to a bug in the user code. Error message: \u001b[1m\u001b[43m\u001b[30m\n  Puppeteer old Headless deprecation warning:\u001b[0m\u001b[33m\n    In the near future `headless: true` will default to the new Headless mode\n    for Chrome instead of the old Headless implementation. For more\n    information, please see https://developer.chrome.com/articles/new-headless/.\n    Consider opting in early by passing `headless: \"new\"` to `puppeteer.launch()`\n    If you encounter any bugs, please report them to https://github.com/puppeteer/puppeteer/issues/new/choose.\u001b[0m\nUnhandled rejection\nError: Could not find Chrome (ver. 117.0.5938.149). This can occur if either\n 1. you did not perform an installation before running the script (e.g. `npm install`) or\n 2. your cache path is incorrectly configured (which is: /root/.cache/puppeteer).\nFor (2), check out our guide on configuring puppeteer at https://pptr.dev/guides/configuration.\n    at ChromeLauncher.resolveExecutablePath (/workspace/node_modules/puppeteer-core/lib/cjs/puppeteer/node/ProductLauncher.js:298:27)\n    at ChromeLauncher.executablePath (/workspace/node_modules/puppeteer-core/lib/cjs/puppeteer/node/ChromeLauncher.js:191:25)\n    at ChromeLauncher.computeLaunchArguments (/workspace/node_modules/puppeteer-core/lib/cjs/puppeteer/node/ChromeLauncher.js:98:37)\n    at async ChromeLauncher.launch (/workspace/node_modules/puppeteer-core/lib/cjs/puppeteer/node/ProductLauncher.js:79:28)\n    at async scrapeData (/workspace/scraper.js:4:21)\nError: Process exited with code 16\n    at process.<anonymous> (/layers/google.nodejs.functions-framework/functions-framework/node_modules/@google-cloud/functions-framework/build/src/invoker.js:92:22)\n    at process.emit (node:events:517:28)\n    at process.emit (node:domain:489:12)\n    at process.exit (node:internal/process/per_thread:192:15)\n    at sendCrashResponse (/layers/google.nodejs.functions-framework/functions-framework/node_modules/@google-cloud/functions-framework/build/src/logger.js:44:9)\n    at process.<anonymous> (/layers/google.nodejs.functions-framework/functions-framework/node_modules/@google-cloud/functions-framework/build/src/invoker.js:88:44)\n    at process.emit (node:events:517:28)\n    at process.emit (node:domain:489:12)\n    at emit (node:internal/process/promises:149:20)\n    at processPromiseRejections (node:internal/process/promises:283:27). Please visit https://cloud.google.com/functions/docs/troubleshooting for in-depth troubleshooting documentation."}}
[debug] [2023-10-18T03:38:19.223Z] Got source token 6e8ac036-3ac5-4a18-b346-745f6e0da63b for region us-central1
[error] Function failed on loading user code. This is likely due to a bug in the user code. Error message: 
  Puppeteer old Headless deprecation warning:
    In the near future `headless: true` will default to the new Headless mode
    for Chrome instead of the old Headless implementation. For more
    information, please see https://developer.chrome.com/articles/new-headless/.
    Consider opting in early by passing `headless: "new"` to `puppeteer.launch()`
    If you encounter any bugs, please report them to https://github.com/puppeteer/puppeteer/issues/new/choose.
Unhandled rejection
Error: Could not find Chrome (ver. 117.0.5938.149). This can occur if either
 1. you did not perform an installation before running the script (e.g. `npm install`) or
 2. your cache path is incorrectly configured (which is: /root/.cache/puppeteer).
For (2), check out our guide on configuring puppeteer at https://pptr.dev/guides/configuration.
    at ChromeLauncher.resolveExecutablePath (/workspace/node_modules/puppeteer-core/lib/cjs/puppeteer/node/ProductLauncher.js:298:27)
    at ChromeLauncher.executablePath (/workspace/node_modules/puppeteer-core/lib/cjs/puppeteer/node/ChromeLauncher.js:191:25)
    at ChromeLauncher.computeLaunchArguments (/workspace/node_modules/puppeteer-core/lib/cjs/puppeteer/node/ChromeLauncher.js:98:37)
    at async ChromeLauncher.launch (/workspace/node_modules/puppeteer-core/lib/cjs/puppeteer/node/ProductLauncher.js:79:28)
    at async scrapeData (/workspace/scraper.js:4:21)
Error: Process exited with code 16
    at process.<anonymous> (/layers/google.nodejs.functions-framework/functions-framework/node_modules/@google-cloud/functions-framework/build/src/invoker.js:92:22)
    at process.emit (node:events:517:28)
    at process.emit (node:domain:489:12)
    at process.exit (node:internal/process/per_thread:192:15)
    at sendCrashResponse (/layers/google.nodejs.functions-framework/functions-framework/node_modules/@google-cloud/functions-framework/build/src/logger.js:44:9)
    at process.<anonymous> (/layers/google.nodejs.functions-framework/functions-framework/node_modules/@google-cloud/functions-framework/build/src/invoker.js:88:44)
    at process.emit (node:events:517:28)
    at process.emit (node:domain:489:12)
    at emit (node:internal/process/promises:149:20)
    at processPromiseRejections (node:internal/process/promises:283:27). Please visit https://cloud.google.com/functions/docs/troubleshooting for in-depth troubleshooting documentation.
[debug] [2023-10-18T03:38:19.233Z] Total Function Deployment time: 99204
[debug] [2023-10-18T03:38:19.233Z] 1 Functions Deployed
[debug] [2023-10-18T03:38:19.233Z] 1 Functions Errored
[debug] [2023-10-18T03:38:19.233Z] 0 Function Deployments Aborted
[debug] [2023-10-18T03:38:19.233Z] Average Function Deployment time: 99203
[info] 
[info] Functions deploy had errors with the following functions:
	pubsub(us-central1)
[info] i  functions: cleaning up build files... 
[debug] [2023-10-18T03:38:19.298Z] >>> [apiv2][query] DELETE https://artifactregistry.googleapis.com/v1beta2/projects/course-catalog-3c19a/locations/us-central1/repositories/gcf-artifacts/packages/pubsub [none]
[debug] [2023-10-18T03:38:19.300Z] >>> [apiv2][query] GET https://us.gcr.io/v2/course-catalog-3c19a/gcf/us-central1/tags/list [none]
[debug] [2023-10-18T03:38:19.664Z] <<< [apiv2][status] DELETE https://artifactregistry.googleapis.com/v1beta2/projects/course-catalog-3c19a/locations/us-central1/repositories/gcf-artifacts/packages/pubsub 200
[debug] [2023-10-18T03:38:19.664Z] <<< [apiv2][body] DELETE https://artifactregistry.googleapis.com/v1beta2/projects/course-catalog-3c19a/locations/us-central1/repositories/gcf-artifacts/packages/pubsub {"name":"projects/course-catalog-3c19a/locations/us-central1/operations/4da92678-3484-418a-b0f7-dfefdc599ecd","metadata":{"@type":"type.googleapis.com/google.devtools.artifactregistry.v1beta2.OperationMetadata"}}
[debug] [2023-10-18T03:38:19.665Z] >>> [apiv2][query] GET https://artifactregistry.googleapis.com/v1beta2/projects/course-catalog-3c19a/locations/us-central1/operations/4da92678-3484-418a-b0f7-dfefdc599ecd [none]
[debug] [2023-10-18T03:38:19.968Z] <<< [apiv2][status] GET https://artifactregistry.googleapis.com/v1beta2/projects/course-catalog-3c19a/locations/us-central1/operations/4da92678-3484-418a-b0f7-dfefdc599ecd 200
[debug] [2023-10-18T03:38:19.968Z] <<< [apiv2][body] GET https://artifactregistry.googleapis.com/v1beta2/projects/course-catalog-3c19a/locations/us-central1/operations/4da92678-3484-418a-b0f7-dfefdc599ecd {"name":"projects/course-catalog-3c19a/locations/us-central1/operations/4da92678-3484-418a-b0f7-dfefdc599ecd","metadata":{"@type":"type.googleapis.com/google.devtools.artifactregistry.v1beta2.OperationMetadata"},"done":true,"response":{"@type":"type.googleapis.com/google.protobuf.Empty"}}
[debug] [2023-10-18T03:38:20.221Z] <<< [apiv2][status] GET https://us.gcr.io/v2/course-catalog-3c19a/gcf/us-central1/tags/list 200
[debug] [2023-10-18T03:38:20.221Z] <<< [apiv2][body] GET https://us.gcr.io/v2/course-catalog-3c19a/gcf/us-central1/tags/list {"child":[],"manifest":{},"name":"course-catalog-3c19a/gcf/us-central1","tags":[]}
[debug] [2023-10-18T03:38:20.222Z] Could not find image for function projects/course-catalog-3c19a/locations/us-central1/functions/pubsub
[debug] [2023-10-18T03:38:20.222Z] Functions deploy failed.
[debug] [2023-10-18T03:38:20.222Z] {
  "endpoint": {
    "id": "pubsub",
    "project": "course-catalog-3c19a",
    "region": "us-central1",
    "entryPoint": "pubsub",
    "platform": "gcfv1",
    "runtime": "nodejs18",
    "scheduleTrigger": {
      "schedule": "0 0 * * *",
      "timeZone": "USA/San Francisco",
      "retryConfig": {
        "maxBackoffSeconds": null,
        "minBackoffSeconds": null,
        "maxRetrySeconds": null,
        "retryCount": null,
        "maxDoublings": null
      }
    },
    "labels": {
      "deployment-tool": "cli-firebase"
    },
    "ingressSettings": null,
    "availableMemoryMb": 2048,
    "serviceAccount": null,
    "timeoutSeconds": null,
    "maxInstances": null,
    "minInstances": null,
    "vpc": null,
    "environmentVariables": {
      "FIREBASE_CONFIG": "{\"projectId\":\"course-catalog-3c19a\",\"storageBucket\":\"course-catalog-3c19a.appspot.com\"}",
      "GCLOUD_PROJECT": "course-catalog-3c19a",
      "EVENTARC_CLOUD_EVENT_SOURCE": "projects/course-catalog-3c19a/locations/us-central1/functions/pubsub"
    },
    "codebase": "default",
    "targetedByOnly": false,
    "hash": "82bf263d9207864e27f7bc779813deb22d46e81a"
  },
  "op": "create",
  "original": {
    "name": "FirebaseError",
    "children": [],
    "exit": 1,
    "message": "Function failed on loading user code. This is likely due to a bug in the user code. Error message: \u001b[1m\u001b[43m\u001b[30m\n  Puppeteer old Headless deprecation warning:\u001b[0m\u001b[33m\n    In the near future `headless: true` will default to the new Headless mode\n    for Chrome instead of the old Headless implementation. For more\n    information, please see https://developer.chrome.com/articles/new-headless/.\n    Consider opting in early by passing `headless: \"new\"` to `puppeteer.launch()`\n    If you encounter any bugs, please report them to https://github.com/puppeteer/puppeteer/issues/new/choose.\u001b[0m\nUnhandled rejection\nError: Could not find Chrome (ver. 117.0.5938.149). This can occur if either\n 1. you did not perform an installation before running the script (e.g. `npm install`) or\n 2. your cache path is incorrectly configured (which is: /root/.cache/puppeteer).\nFor (2), check out our guide on configuring puppeteer at https://pptr.dev/guides/configuration.\n    at ChromeLauncher.resolveExecutablePath (/workspace/node_modules/puppeteer-core/lib/cjs/puppeteer/node/ProductLauncher.js:298:27)\n    at ChromeLauncher.executablePath (/workspace/node_modules/puppeteer-core/lib/cjs/puppeteer/node/ChromeLauncher.js:191:25)\n    at ChromeLauncher.computeLaunchArguments (/workspace/node_modules/puppeteer-core/lib/cjs/puppeteer/node/ChromeLauncher.js:98:37)\n    at async ChromeLauncher.launch (/workspace/node_modules/puppeteer-core/lib/cjs/puppeteer/node/ProductLauncher.js:79:28)\n    at async scrapeData (/workspace/scraper.js:4:21)\nError: Process exited with code 16\n    at process.<anonymous> (/layers/google.nodejs.functions-framework/functions-framework/node_modules/@google-cloud/functions-framework/build/src/invoker.js:92:22)\n    at process.emit (node:events:517:28)\n    at process.emit (node:domain:489:12)\n    at process.exit (node:internal/process/per_thread:192:15)\n    at sendCrashResponse (/layers/google.nodejs.functions-framework/functions-framework/node_modules/@google-cloud/functions-framework/build/src/logger.js:44:9)\n    at process.<anonymous> (/layers/google.nodejs.functions-framework/functions-framework/node_modules/@google-cloud/functions-framework/build/src/invoker.js:88:44)\n    at process.emit (node:events:517:28)\n    at process.emit (node:domain:489:12)\n    at emit (node:internal/process/promises:149:20)\n    at processPromiseRejections (node:internal/process/promises:283:27). Please visit https://cloud.google.com/functions/docs/troubleshooting for in-depth troubleshooting documentation.",
    "status": 3,
    "code": 3
  }
}
[debug] [2023-10-18T03:38:20.248Z] Error: Failed to create function pubsub in region us-central1
    at /Users/jisungkang/.nvm/versions/node/v20.5.0/lib/node_modules/firebase-tools/lib/deploy/functions/release/fabricator.js:51:11
    at process.processTicksAndRejections (node:internal/process/task_queues:95:5)
    at async Fabricator.createV1Function (/Users/jisungkang/.nvm/versions/node/v20.5.0/lib/node_modules/firebase-tools/lib/deploy/functions/release/fabricator.js:181:32)
    at async Fabricator.createEndpoint (/Users/jisungkang/.nvm/versions/node/v20.5.0/lib/node_modules/firebase-tools/lib/deploy/functions/release/fabricator.js:133:13)
    at async handle (/Users/jisungkang/.nvm/versions/node/v20.5.0/lib/node_modules/firebase-tools/lib/deploy/functions/release/fabricator.js:88:17)
[error] 
[error] Error: There was an error deploying functions
